2021-02-04 14 08 01INFOadmin:test1234:'系统管理员' != '管理员'
- 系统管理员
? --
+ 管理员

2021-02-04 14 08 15INFOchenlan:123456:用例执行成功
2021-02-04 14 08 28INFOadmin:123456:用例执行成功
2021-02-04 14 08 40INFOcuowutest:123456:用例执行成功
2021-02-04 14 08 52INFONone:None:用例执行成功
2021-02-04 14 09 04INFOadmin:None:用例执行成功
2021-02-04 14 09 17INFONone:123456:用例执行成功
2021-02-04 14 09 24INFO用户注册界面:验证成功:用例执行成功
2021-02-04 14 55 04INFO::'用户注册' != '请填写信息！'
- 用户注册
+ 请填写信息！

2021-02-04 14 57 02INFO::'用户注册' != '请填写信息！'
- 用户注册
+ 请填写信息！

2021-02-04 14 59 37INFO用户注册界面:用户为空验证:用例执行成功
2021-02-04 15 00 46INFO::'请填写信息！' != 1222
2021-02-04 15 03 18INFO::'请填写信息！12321321' != '请填写信息！'
- 请填写信息！12321321
+ 请填写信息！

2021-02-04 15 03 59INFO::'请填写信息！12321321' != '请填写信息！'
- 请填写信息！12321321
+ 请填写信息！

2021-02-04 15 06 27INFOadmin:test1234:'系统管理员' != '优秀'
- 系统管理员
+ 优秀

2021-02-04 15 06 41INFOchenlan:123456:'陈兰_chenlan' != '优秀'
- 陈兰_chenlan
+ 优秀

2021-02-04 15 06 55INFOadmin:123456:'您输入的用户名密码错误' != 1
2021-02-04 15 07 08INFOcuowutest:123456:'您输入的用户名密码错误' != 1
2021-02-04 15 07 22INFONone:None:'您输入的用户名或密码不能为空' != 2
2021-02-04 15 07 36INFOadmin:None:'您输入的用户名或密码不能为空' != 2
2021-02-04 15 07 50INFONone:123456:'您输入的用户名或密码不能为空' != 2
2021-02-04 15 07 59INFO用户注册界面:验证成功:用例执行成功
2021-02-04 15 08 09INFO::'请填写信息！12321321' != '请填写信息！'
- 请填写信息！12321321
+ 请填写信息！

2021-02-04 15 26 12INFOadmin:test1234:'系统管理员' != '优秀'
- 系统管理员
+ 优秀

2021-02-04 15 26 25INFOchenlan:123456:'陈兰_chenlan' != '优秀'
- 陈兰_chenlan
+ 优秀

2021-02-04 15 26 37INFOadmin:123456:'您输入的用户名密码错误' != 1
2021-02-04 15 26 50INFOcuowutest:123456:'您输入的用户名密码错误' != 1
2021-02-04 15 27 03INFONone:None:'您输入的用户名或密码不能为空' != 2
2021-02-04 15 27 17INFOadmin:None:'您输入的用户名或密码不能为空' != 2
2021-02-04 15 27 29INFONone:123456:'您输入的用户名或密码不能为空' != 2
2021-02-04 15 27 38INFO用户注册界面:验证成功:用例执行成功
2021-02-04 15 27 47INFO::'请填写信息！12321321' != '请填写信息！'
- 请填写信息！12321321
+ 请填写信息！

2021-02-04 16 03 36INFO用户注册界面:用户中文验证:用例执行成功
2021-02-04 16 03 44INFO用户注册界面:用户中文长度:用例执行成功
2021-02-04 16 03 52INFO用户注册界面:用户中文长度:用例执行成功
2021-02-04 16 04 54INFO用户注册界面:用户中文验证:用例执行成功
2021-02-04 16 05 02INFO用户注册界面:用户中文长度:用例执行成功
2021-02-04 16 05 10INFO用户注册界面:用户中文长度:用例执行成功
2021-02-04 16 05 18INFO用户注册界面:用户为空验证:用例执行成功
2021-02-04 16 05 27INFO用户注册界面:用户为空验证:用例执行成功
2021-02-04 17 22 35INFO::'4-20个字符，只能包含字母、数字、下划线，必须以字母开头' != '通过信息验证！'
- 4-20个字符，只能包含字母、数字、下划线，必须以字母开头
+ 通过信息验证！

2021-02-04 17 22 43INFO用户注册界面:用户字母数字下划线验证:用例执行成功
2021-02-04 17 22 51INFO用户注册界面:用户名字母验证:用例执行成功
2021-02-04 17 23 00INFO用户注册界面:用户字母数字下划线验证:用例执行成功
2021-02-04 17 23 08INFO用户注册界面:用户字母数字下划线验证:用例执行成功
2021-02-04 17 23 16INFO::'4-20个字符，只能包含字母、数字、下划线，必须以字母开头' != '通过信息验证！'
- 4-20个字符，只能包含字母、数字、下划线，必须以字母开头
+ 通过信息验证！

2021-02-04 17 23 23INFO用户注册界面:用户名为空验证:用例执行成功
2021-02-04 17 23 31INFO用户注册界面:用户名为空验证:用例执行成功
2021-02-04 17 23 39INFO用户注册界面:用户数字验证:用例执行成功
2021-02-04 17 23 47INFO用户注册界面:用户字母数字下划线验证:用例执行成功
2021-02-04 17 23 55INFO用户注册界面:用户特殊字符验证:用例执行成功
2021-02-04 17 24 03INFO用户注册界面:用户中文验证:用例执行成功
2021-02-04 17 24 11INFO用户注册界面:用户中文长度:用例执行成功
2021-02-04 17 24 19INFO用户注册界面:用户中文长度:用例执行成功
2021-02-04 17 24 27INFO用户注册界面:用户非中文验证:用例执行成功
2021-02-04 17 24 35INFO用户注册界面:用户为空验证:用例执行成功
2021-02-04 17 24 42INFO用户注册界面:用户为空验证:用例执行成功
2021-02-04 17 29 02INFO用户注册界面:用户中文验证:用例执行成功
2021-02-04 17 29 11INFO用户注册界面:用户字母数字下划线验证:用例执行成功
2021-02-04 17 29 18INFO用户注册界面:用户名字母验证:用例执行成功
2021-02-04 17 29 26INFO用户注册界面:用户字母数字下划线验证:用例执行成功
2021-02-04 17 29 34INFO用户注册界面:用户字母数字下划线验证:用例执行成功
2021-02-04 17 29 42INFO用户注册界面:用户字母数字下划线验证:用例执行成功
2021-02-04 17 29 51INFO用户注册界面:用户名为空验证:用例执行成功
2021-02-04 17 29 58INFO用户注册界面:用户名为空验证:用例执行成功
2021-02-04 17 30 06INFO用户注册界面:用户数字验证:用例执行成功
2021-02-04 17 30 15INFO用户注册界面:用户字母数字下划线验证:用例执行成功
2021-02-04 17 30 23INFO用户注册界面:用户特殊字符验证:用例执行成功
2021-02-04 17 30 31INFO用户注册界面:用户中文验证:用例执行成功
2021-02-04 17 30 39INFO用户注册界面:用户中文长度:用例执行成功
2021-02-04 17 30 47INFO用户注册界面:用户中文长度:用例执行成功
2021-02-04 17 30 55INFO用户注册界面:用户非中文验证:用例执行成功
2021-02-04 17 31 03INFO用户注册界面:用户为空验证:用例执行成功
2021-02-04 17 31 11INFO用户注册界面:用户为空验证:用例执行成功
