2021-02-26 15 10 24INFOadmin:123456:用例执行成功
2021-02-26 15 10 35INFOcuowutest:123456:用例执行成功
2021-02-26 15 10 46INFONone:None:用例执行成功
2021-02-26 15 10 57INFOadmin:None:用例执行成功
2021-02-26 15 11 08INFONone:123456:用例执行成功
2021-02-26 15 11 22INFO用户注册界面:验证成功:用例执行成功
2021-02-26 15 11 30INFO用户注册界面:用户中文验证:用例执行成功
2021-02-26 15 11 38INFO用户注册界面:用户字母数字下划线验证:用例执行成功
2021-02-26 15 11 46INFO用户注册界面:用户名字母验证:用例执行成功
2021-02-26 15 11 54INFO用户注册界面:用户字母数字下划线验证:用例执行成功
2021-02-26 15 12 02INFO用户注册界面:用户字母数字下划线验证:用例执行成功
2021-02-26 15 12 10INFO用户注册界面:用户字母数字下划线验证:用例执行成功
2021-02-26 15 12 18INFO用户注册界面:用户名为空验证:用例执行成功
2021-02-26 15 12 26INFO用户注册界面:用户名为空验证:用例执行成功
2021-02-26 15 12 34INFO用户注册界面:用户数字验证:用例执行成功
2021-02-26 15 12 42INFO用户注册界面:用户字母数字下划线验证:用例执行成功
2021-02-26 15 12 50INFO用户注册界面:用户特殊字符验证:用例执行成功
2021-02-26 15 12 57INFO用户注册界面:用户中文验证:用例执行成功
2021-02-26 15 13 05INFO用户注册界面:用户中文长度:用例执行成功
2021-02-26 15 13 13INFO用户注册界面:用户中文长度:用例执行成功
2021-02-26 15 13 21INFO用户注册界面:用户非中文验证:用例执行成功
2021-02-26 15 13 30INFO用户注册界面:用户为空验证:用例执行成功
2021-02-26 15 13 38INFO用户注册界面:用户为空验证:用例执行成功
